
Parsing intput file '../testfiles/input-4.txt'. Please wait...

	*************************************************
	*		Restuarant is now open.		*
	*		Number of cooks : 5		*
	*		Number of diners: 2		*
	*		Number of tables: 1		*
	*************************************************

00:01 - Diner 1 arrives.
00:01 - Diner 1 is seated at table 1.
00:01 - Cook 1 processes Diner 1's order.
00:01 - Cook 1 uses the Burger machine.
00:02 - Diner 2 arrives.
00:06 - Order servered to Diner 1 by Cook 1 on table 1.
00:06 - Diner 1 starts eating.
00:36 - Diner 1 finishes eating and leaves the restaurant.
00:36 - Diner 2 is seated at table 1.
00:36 - Cook 1 processes Diner 2's order.
00:36 - Cook 1 uses the Burger machine.
00:41 - Order servered to Diner 2 by Cook 1 on table 1.
00:41 - Diner 2 starts eating.
01:11 - Diner 2 finishes eating and leaves the restaurant.
01:11 - The last diner leaves the restaurant.
